<?xml version="1.0" encoding="UTF-8"?>
<!-- Generated by org.testng.reporters.JUnitReportReporter -->
<testsuite hostname="DESKTOP-3RN5DSB" failures="0" tests="1" name="com.softserve.edu.AppTest" time="0.125" errors="0" timestamp="06 трав. 2019 06:52:34 GMT" skipped="0">
  <testcase classname="com.softserve.edu.AppTest" name="testApp1" time="0.125"/>
</testsuite> <!-- com.softserve.edu.AppTest -->
